# JRE version: OpenJDK Runtime Environment (16.0.1+9) (build 16.0.1+9-Ubuntu-120.04)
# Java VM: OpenJDK 64-Bit Server VM (16.0.1+9-Ubuntu-120.04, mixed mode, sharing, tiered, compressed oops, compressed class ptrs, g1 gc, linux-amd64)
GC Precious Log:
 CPUs: 8 total, 8 available
 Memory: 31900M
 Large Page Support: Disabled
 NUMA Support: Disabled
 Compressed Oops: Enabled (32-bit)
 Heap Region Size: 1M
 Heap Min Capacity: 256M
 Heap Initial Capacity: 256M
 Heap Max Capacity: 512M
 Pre-touch: Disabled
 Parallel Workers: 8
 Concurrent Workers: 2
 Concurrent Refinement Workers: 8
 Periodic GC: Disabled
Heap:
 garbage-first heap   total 262144K, used 180052K [0x00000000e0000000, 0x0000000100000000)
  region size 1024K, 142 young (145408K), 5 survivors (5120K)
 Metaspace       used 50013K, committed 50496K, reserved 262144K
  class space    used 6526K, committed 6784K, reserved 212992K
GC Heap History (14 events):
Event: 0.645 GC heap before
{Heap before GC invocations=0 (full 0):
 garbage-first heap   total 264192K, used 29688K [0x00000000e0000000, 0x0000000100000000)
  region size 1024K, 23 young (23552K), 0 survivors (0K)
 Metaspace       used 3467K, committed 3584K, reserved 221184K
  class space    used 417K, committed 448K, reserved 212992K
}
Event: 0.651 GC heap after
{Heap after GC invocations=1 (full 0):
 garbage-first heap   total 264192K, used 9596K [0x00000000e0000000, 0x0000000100000000)
  region size 1024K, 3 young (3072K), 3 survivors (3072K)
 Metaspace       used 3467K, committed 3584K, reserved 221184K
  class space    used 417K, committed 448K, reserved 212992K
}
Event: 1.263 GC heap before
{Heap before GC invocations=1 (full 0):
 garbage-first heap   total 264192K, used 41340K [0x00000000e0000000, 0x0000000100000000)
  region size 1024K, 34 young (34816K), 3 survivors (3072K)
 Metaspace       used 5046K, committed 5248K, reserved 221184K
  class space    used 647K, committed 768K, reserved 212992K
}
Event: 1.267 GC heap after
{Heap after GC invocations=2 (full 0):
 garbage-first heap   total 264192K, used 14533K [0x00000000e0000000, 0x0000000100000000)
  region size 1024K, 5 young (5120K), 5 survivors (5120K)
 Metaspace       used 5046K, committed 5248K, reserved 221184K
  class space    used 647K, committed 768K, reserved 212992K
}
Event: 3.811 GC heap before
{Heap before GC invocations=2 (full 0):
 garbage-first heap   total 264192K, used 102597K [0x00000000e0000000, 0x0000000100000000)
  region size 1024K, 92 young (94208K), 5 survivors (5120K)
 Metaspace       used 21001K, committed 21248K, reserved 237568K
  class space    used 3023K, committed 3136K, reserved 212992K
}
Event: 3.834 GC heap after
{Heap after GC invocations=3 (full 0):
 garbage-first heap   total 264192K, used 20167K [0x00000000e0000000, 0x0000000100000000)
  region size 1024K, 11 young (11264K), 11 survivors (11264K)
 Metaspace       used 21001K, committed 21248K, reserved 237568K
  class space    used 3023K, committed 3136K, reserved 212992K
}
Event: 6.334 GC heap before
{Heap before GC invocations=4 (full 0):
 garbage-first heap   total 262144K, used 119495K [0x00000000e0000000, 0x0000000100000000)
  region size 1024K, 106 young (108544K), 11 survivors (11264K)
 Metaspace       used 35510K, committed 35840K, reserved 245760K
  class space    used 4731K, committed 4928K, reserved 212992K
}
Event: 6.357 GC heap after
{Heap after GC invocations=5 (full 0):
 garbage-first heap   total 262144K, used 28291K [0x00000000e0000000, 0x0000000100000000)
  region size 1024K, 14 young (14336K), 14 survivors (14336K)
 Metaspace       used 35510K, committed 35840K, reserved 245760K
  class space    used 4731K, committed 4928K, reserved 212992K
}
Event: 9.714 GC heap before
{Heap before GC invocations=6 (full 0):
 garbage-first heap   total 262144K, used 169603K [0x00000000e0000000, 0x0000000100000000)
  region size 1024K, 153 young (156672K), 14 survivors (14336K)
 Metaspace       used 45796K, committed 46336K, reserved 253952K
  class space    used 6189K, committed 6464K, reserved 212992K
}
Event: 9.734 GC heap after
{Heap after GC invocations=7 (full 0):
 garbage-first heap   total 262144K, used 38488K [0x00000000e0000000, 0x0000000100000000)
  region size 1024K, 19 young (19456K), 19 survivors (19456K)
 Metaspace       used 45796K, committed 46336K, reserved 253952K
  class space    used 6189K, committed 6464K, reserved 212992K
}
Event: 43.673 GC heap before
{Heap before GC invocations=7 (full 0):
 garbage-first heap   total 262144K, used 174680K [0x00000000e0000000, 0x0000000100000000)
  region size 1024K, 153 young (156672K), 19 survivors (19456K)
 Metaspace       used 48622K, committed 49088K, reserved 262144K
  class space    used 6515K, committed 6720K, reserved 212992K
}
Event: 43.691 GC heap after
{Heap after GC invocations=8 (full 0):
 garbage-first heap   total 262144K, used 42498K [0x00000000e0000000, 0x0000000100000000)
  region size 1024K, 5 young (5120K), 5 survivors (5120K)
 Metaspace       used 48622K, committed 49088K, reserved 262144K
  class space    used 6515K, committed 6720K, reserved 212992K
}
Event: 139.317 GC heap before
{Heap before GC invocations=8 (full 0):
 garbage-first heap   total 262144K, used 193026K [0x00000000e0000000, 0x0000000100000000)
  region size 1024K, 153 young (156672K), 5 survivors (5120K)
 Metaspace       used 49531K, committed 50048K, reserved 262144K
  class space    used 6526K, committed 6784K, reserved 212992K
}
Event: 139.320 GC heap after
{Heap after GC invocations=9 (full 0):
 garbage-first heap   total 262144K, used 41812K [0x00000000e0000000, 0x0000000100000000)
  region size 1024K, 5 young (5120K), 5 survivors (5120K)
 Metaspace       used 49531K, committed 50048K, reserved 262144K
  class space    used 6526K, committed 6784K, reserved 212992K
}

